<?xml version="1.0" encoding="UTF-8"?>
<!-- Generated by org.testng.reporters.JUnitXMLReporter -->
<testsuite ignored="18" hostname="IN-J4QJ1J3" failures="2" tests="18" name="Test" time="232.267" errors="0" timestamp="2022-07-14T23:27:47 IST">
  <testcase classname="Test.SeleniumExitTestAssignmentMaven.LoginTest" name="valid_login" time="0.343">
    <failure type="org.testng.internal.reflect.MethodMatcherException" message="
[public void Test.SeleniumExitTestAssignmentMaven.LoginTest.valid_login(java.lang.String,java.lang.String) throws java.lang.InterruptedException] has no parameters defined but was found to be using a data provider (either explicitly specified or inherited from class level annotation).
Data provider mismatch
Method: valid_login([Parameter{index=0, type=java.lang.String, declaredAnnotations=[]}, Parameter{index=1, type=java.lang.String, declaredAnnotations=[]}])
Arguments: [(java.lang.String) watches]">
      <![CDATA[org.testng.internal.reflect.MethodMatcherException: 
[public void Test.SeleniumExitTestAssignmentMaven.LoginTest.valid_login(java.lang.String,java.lang.String) throws java.lang.InterruptedException] has no parameters defined but was found to be using a data provider (either explicitly specified or inherited from class level annotation).
Data provider mismatch
Method: valid_login([Parameter{index=0, type=java.lang.String, declaredAnnotations=[]}, Parameter{index=1, type=java.lang.String, declaredAnnotations=[]}])
Arguments: [(java.lang.String) watches]
at java.base/java.util.ArrayList.forEach(ArrayList.java:1540)
... Removed 22 stack frames]]>
    </failure>
  </testcase> <!-- valid_login -->
  <testcase classname="Test.SeleniumExitTestAssignmentMaven.SearchTest" name="validSearch" time="5.392"/>
  <testcase classname="Test.SeleniumExitTestAssignmentMaven.SearchTest" name="validSearch" time="5.325"/>
  <testcase classname="Test.SeleniumExitTestAssignmentMaven.SearchTest" name="validSearch" time="5.327"/>
  <testcase classname="Test.SeleniumExitTestAssignmentMaven.AddCartTest" name="Add_Product" time="11.757"/>
  <testcase classname="Test.SeleniumExitTestAssignmentMaven.CareersTest" name="cheak_job_vacancy" time="17.575"/>
  <testcase classname="Test.SeleniumExitTestAssignmentMaven.SocialMediaTest" name="verify_social_media_facebook" time="0.201"/>
  <testcase classname="Test.SeleniumExitTestAssignmentMaven.SocialMediaTest" name="verify_social_media_youtube" time="0.178"/>
  <testcase classname="Test.SeleniumExitTestAssignmentMaven.CustomerCareTest" name="customer_sevice" time="0.993"/>
  <testcase classname="Test.SeleniumExitTestAssignmentMaven.GiftsCardsTest" name="Gifts" time="2.422"/>
  <testcase classname="Test.SeleniumExitTestAssignmentMaven.GroceryTest" name="grocery" time="0.41"/>
  <testcase classname="Test.SeleniumExitTestAssignmentMaven.GroceryTest" name="grocery" time="0.386"/>
  <testcase classname="Test.SeleniumExitTestAssignmentMaven.GroceryTest" name="grocery" time="0.435"/>
  <testcase classname="Test.SeleniumExitTestAssignmentMaven.GroceryTest" name="grocery" time="0.387"/>
  <testcase classname="Test.SeleniumExitTestAssignmentMaven.GroceryTest" name="grocery" time="0.447"/>
  <testcase classname="Test.SeleniumExitTestAssignmentMaven.OrdersTest" name="orders_placed_history" time="13.486">
    <failure type="org.openqa.selenium.NoSuchElementException" message="no such element: Unable to locate element: {&amp;quot;method&amp;quot;:&amp;quot;xpath&amp;quot;,&amp;quot;selector&amp;quot;:&amp;quot;//div[text()=&amp;apos;Orders&amp;apos;]&amp;quot;}
  (Session info: chrome=103.0.5060.114)
For documentation on this error, please visit: https://www.seleniumhq.org/exceptions/no_such_element.html
Build info: version: &amp;apos;3.141.59&amp;apos;, revision: &amp;apos;e82be7d358&amp;apos;, time: &amp;apos;2018-11-14T08:17:03&amp;apos;
System info: host: &amp;apos;IN-J4QJ1J3&amp;apos;, ip: &amp;apos;192.168.229.109&amp;apos;, os.name: &amp;apos;Windows 10&amp;apos;, os.arch: &amp;apos;amd64&amp;apos;, os.version: &amp;apos;10.0&amp;apos;, java.version: &amp;apos;11.0.1&amp;apos;
Driver info: org.openqa.selenium.chrome.ChromeDriver
Capabilities {acceptInsecureCerts: false, browserName: chrome, browserVersion: 103.0.5060.114, chrome: {chromedriverVersion: 103.0.5060.53 (a1711811edd7..., userDataDir: C:\Users\RAVITK~1\AppData\L...}, goog:chromeOptions: {debuggerAddress: localhost:54352}, javascriptEnabled: true, networkConnectionEnabled: false, pageLoadStrategy: normal, platform: WINDOWS, platformName: WINDOWS, proxy: Proxy(), setWindowRect: true, strictFileInteractability: false, timeouts: {implicit: 0, pageLoad: 300000, script: 30000}, unhandledPromptBehavior: dismiss and notify, webauthn:extension:credBlob: true, webauthn:extension:largeBlob: true, webauthn:virtualAuthenticators: true}
Session ID: 8678328d56aff76ec2f6c0980bf2208a
*** Element info: {Using=xpath, value=//div[text()=&amp;apos;Orders&amp;apos;]}">
      <![CDATA[org.openqa.selenium.NoSuchElementException: no such element: Unable to locate element: {"method":"xpath","selector":"//div[text()='Orders']"}
  (Session info: chrome=103.0.5060.114)
For documentation on this error, please visit: https://www.seleniumhq.org/exceptions/no_such_element.html
Build info: version: '3.141.59', revision: 'e82be7d358', time: '2018-11-14T08:17:03'
System info: host: 'IN-J4QJ1J3', ip: '192.168.229.109', os.name: 'Windows 10', os.arch: 'amd64', os.version: '10.0', java.version: '11.0.1'
Driver info: org.openqa.selenium.chrome.ChromeDriver
Capabilities {acceptInsecureCerts: false, browserName: chrome, browserVersion: 103.0.5060.114, chrome: {chromedriverVersion: 103.0.5060.53 (a1711811edd7..., userDataDir: C:\Users\RAVITK~1\AppData\L...}, goog:chromeOptions: {debuggerAddress: localhost:54352}, javascriptEnabled: true, networkConnectionEnabled: false, pageLoadStrategy: normal, platform: WINDOWS, platformName: WINDOWS, proxy: Proxy(), setWindowRect: true, strictFileInteractability: false, timeouts: {implicit: 0, pageLoad: 300000, script: 30000}, unhandledPromptBehavior: dismiss and notify, webauthn:extension:credBlob: true, webauthn:extension:largeBlob: true, webauthn:virtualAuthenticators: true}
Session ID: 8678328d56aff76ec2f6c0980bf2208a
*** Element info: {Using=xpath, value=//div[text()='Orders']}
at org.openqa.selenium.remote.http.W3CHttpResponseCodec.createException(W3CHttpResponseCodec.java:187)
at org.openqa.selenium.remote.http.W3CHttpResponseCodec.decode(W3CHttpResponseCodec.java:122)
at org.openqa.selenium.remote.http.W3CHttpResponseCodec.decode(W3CHttpResponseCodec.java:49)
at org.openqa.selenium.remote.HttpCommandExecutor.execute(HttpCommandExecutor.java:158)
at org.openqa.selenium.remote.service.DriverCommandExecutor.execute(DriverCommandExecutor.java:83)
at org.openqa.selenium.remote.RemoteWebDriver.execute(RemoteWebDriver.java:552)
at org.openqa.selenium.remote.RemoteWebDriver.findElement(RemoteWebDriver.java:323)
at org.openqa.selenium.remote.RemoteWebDriver.findElementByXPath(RemoteWebDriver.java:428)
at org.openqa.selenium.By$ByXPath.findElement(By.java:353)
at org.openqa.selenium.remote.RemoteWebDriver.findElement(RemoteWebDriver.java:315)
at org.openqa.selenium.support.pagefactory.DefaultElementLocator.findElement(DefaultElementLocator.java:69)
at org.openqa.selenium.support.pagefactory.internal.LocatingElementHandler.invoke(LocatingElementHandler.java:38)
at com.sun.proxy.$Proxy29.click(Unknown Source)
at SeleniumExitTestAssignmentMaven.Pages.OrdersPage.click_orders(OrdersPage.java:73)
at Test.SeleniumExitTestAssignmentMaven.OrdersTest.orders_placed_history(OrdersTest.java:23)
at java.base/java.util.ArrayList.forEach(ArrayList.java:1540)
... Removed 31 stack frames]]>
    </failure>
  </testcase> <!-- orders_placed_history -->
  <testcase classname="Test.SeleniumExitTestAssignmentMaven.HomeTest" name="verify_home_applience_1" time="0.402"/>
  <testcase classname="Test.SeleniumExitTestAssignmentMaven.HomeTest" name="verify_home_applience_2" time="0.409"/>
  <testcase classname="Test.SeleniumExitTestAssignmentMaven.BaseTest" name="@AfterSuite endReport" time="0.0">
    <ignored/>
  </testcase> <!-- @AfterSuite endReport -->
  <testcase classname="Test.SeleniumExitTestAssignmentMaven.BaseTest" name="@AfterSuite endReport" time="0.0">
    <ignored/>
  </testcase> <!-- @AfterSuite endReport -->
  <testcase classname="Test.SeleniumExitTestAssignmentMaven.BaseTest" name="@AfterSuite endReport" time="0.0">
    <ignored/>
  </testcase> <!-- @AfterSuite endReport -->
  <testcase classname="Test.SeleniumExitTestAssignmentMaven.BaseTest" name="@AfterSuite endReport" time="0.0">
    <ignored/>
  </testcase> <!-- @AfterSuite endReport -->
  <testcase classname="Test.SeleniumExitTestAssignmentMaven.BaseTest" name="@AfterSuite endReport" time="0.0">
    <ignored/>
  </testcase> <!-- @AfterSuite endReport -->
  <testcase classname="Test.SeleniumExitTestAssignmentMaven.BaseTest" name="@AfterSuite endReport" time="0.0">
    <ignored/>
  </testcase> <!-- @AfterSuite endReport -->
  <testcase classname="Test.SeleniumExitTestAssignmentMaven.BaseTest" name="@AfterSuite endReport" time="0.0">
    <ignored/>
  </testcase> <!-- @AfterSuite endReport -->
  <testcase classname="Test.SeleniumExitTestAssignmentMaven.BaseTest" name="@AfterSuite endReport" time="0.0">
    <ignored/>
  </testcase> <!-- @AfterSuite endReport -->
  <testcase classname="Test.SeleniumExitTestAssignmentMaven.BaseTest" name="@AfterSuite endReport" time="0.0">
    <ignored/>
  </testcase> <!-- @AfterSuite endReport -->
  <testcase classname="Test.SeleniumExitTestAssignmentMaven.BaseTest" name="@BeforeSuite setExtent" time="0.0">
    <ignored/>
  </testcase> <!-- @BeforeSuite setExtent -->
  <testcase classname="Test.SeleniumExitTestAssignmentMaven.BaseTest" name="@BeforeSuite setExtent" time="0.0">
    <ignored/>
  </testcase> <!-- @BeforeSuite setExtent -->
  <testcase classname="Test.SeleniumExitTestAssignmentMaven.BaseTest" name="@BeforeSuite setExtent" time="0.0">
    <ignored/>
  </testcase> <!-- @BeforeSuite setExtent -->
  <testcase classname="Test.SeleniumExitTestAssignmentMaven.BaseTest" name="@BeforeSuite setExtent" time="0.0">
    <ignored/>
  </testcase> <!-- @BeforeSuite setExtent -->
  <testcase classname="Test.SeleniumExitTestAssignmentMaven.BaseTest" name="@BeforeSuite setExtent" time="0.0">
    <ignored/>
  </testcase> <!-- @BeforeSuite setExtent -->
  <testcase classname="Test.SeleniumExitTestAssignmentMaven.BaseTest" name="@BeforeSuite setExtent" time="0.0">
    <ignored/>
  </testcase> <!-- @BeforeSuite setExtent -->
  <testcase classname="Test.SeleniumExitTestAssignmentMaven.BaseTest" name="@BeforeSuite setExtent" time="0.0">
    <ignored/>
  </testcase> <!-- @BeforeSuite setExtent -->
  <testcase classname="Test.SeleniumExitTestAssignmentMaven.BaseTest" name="@BeforeSuite setExtent" time="0.0">
    <ignored/>
  </testcase> <!-- @BeforeSuite setExtent -->
  <testcase classname="Test.SeleniumExitTestAssignmentMaven.BaseTest" name="@BeforeSuite setExtent" time="0.0">
    <ignored/>
  </testcase> <!-- @BeforeSuite setExtent -->
</testsuite> <!-- Test -->
